<?xml version="1.0" encoding="UTF-8"?>
<!-- Generated by org.testng.reporters.JUnitReportReporter -->
<testsuite hostname="DESKTOP-V67KR6L" failures="0" tests="1" name="tests.AmazonTests" time="16.420" errors="0" timestamp="2022-03-18T23:33:28 EDT" skipped="0">
  <testcase classname="tests.AmazonTests" name="amazonSearchTest" time="16.420"/>
  <system-out/>
</testsuite> <!-- tests.AmazonTests -->
